1:1:# trace1v.txt - simple trace file
2:1:pagelimit 1
3:1:# Allocate a page by writing a single byte
4:1:replicate  b 1 2000000f
5:1:# Make sure allocated page is cleared to 0 by checking scattered blocks of bytes
6:1:diff  0  0   0   0   0   0  0  0  0  0  0  0  0  0  0  b  20000000
7:1:diff  0  0   0   0   0   0  0  0  0  0  0  0  0  0  0  0  20008000
1:2:# trace2v_multi-page.txt
2:2:# Allocates multiple pages
3:2:pagelimit 7
4:2:# Test replicate
5:2:replicate  ff  30000  10060000
6:2:store   0  1   2   3   4  5  6  7  8  9  a  b  c  d  e  f  1006fff0
7:2:diff    0  1   2   3   4  5  6  7  8  9  a  b  c  d  e  f  1006fff0
1:3:# trace3v_edge-addr.txt
2:3:# Simple test of access to first/last pages in address space.
3:3:pagelimit 2
4:3:store  ee  0000000e
5:3:store  f0  3fffffff
6:3:# Make sure allocated pages are cleared to 0 by checking scattered blocks of bytes
7:3:diff   0  0  0  0  0  0  0  0  0  0  0  0  0  0 ee  0  00000000
1:4:# trace4v_wprotect.txt
2:4:# Test write protections (should be no diff mismatches)
3:4:pagelimit 2
4:4:replicate  0  20000  04000000
5:4:# Set 2nd page non-writable
6:4:permission  1  0  04010000
7:4:# Make sure 1st page is writable
8:4:replicate  ac  8  04000000
1:5:# trace5v_pagefaults.txt
2:5:# Test page fault exception handling
3:5:pagelimit c
4:5:# Allocate memory by writing to some pages
5:5:store  0  04000000
6:5:replicate  0  20001  07530000
7:5:replicate  0  30001  0afeffff
8:1:diff  0  0   0   0   0   0  0  0  0  0  0  0  0  0  0  0  2000fff0
9:1:# Fill with different value and check again
10:1:replicate  55 10000 20000000
11:1:diff  55  55   55   55   55   55  55  55  55  55  55  55  55  55  55  55  20000000
12:1:diff  55  55   55   55   55   55  55  55  55  55  55  55  55  55  55  55  20008000
8:2:print    12  1006ffef
1006ffef
 ff 00 01 02 03 04 05 06 07 08 09 0a 0b 0c 0d 0e
 0f ff
9:2:# Test overlapping replicates at another set of addresses
10:2:replicate  a3  20000  10250000
11:2:replicate  a1  18000  10230000
12:2:replicate  a2  18000  10248000
8:3:diff   0  0  0  0  0  0  0  0  0  0  0  0  0  0  0  0  00008000
9:3:diff   0  0  0  0  0  0  0  0  0  0  0  0  0  0  0  0  0000fff0
10:3:diff   0  0  0  0  0  0  0  0  0  0  0  0  0  0  0  0  3fff0000
11:3:diff   0  0  0  0  0  0  0  0  0  0  0  0  0  0  0  0  3fff8000
9:4:diff  ac  ac  ac  ac  ac  ac  ac  ac   0  04000000
10:4:# Next line should generate a WritePermissionFaultException
11:4:store  12  04010010
WritePermissionFaultException at address 4010010: 
12:4:diff    0   0   0  0401000f
13:4:# Next line should generate a WritePermissionFaultException
14:4:replicate  7f  4  04010100
WritePermissionFaultException at address 4010100: 
8:5:replicate  0  10  3fffa000
9:5:# Each of the following lines should generate a PageFaultException
10:5:diff   0  3ffeffff
PageFaultException at address 3ffeffff: 
11:5:diff   0   0  0b01ffff
PageFaultException at address b020000: 
12:5:print  20  0400fff0
400fff0
 00 00 00 00 00 00 00 00 00 00 00 00 00 00 00 00
PageFaultException at address 4010000: 

13:1:diff  55  55   55   55   55   55  55  55  55  55  55  55  55  55  55  55  2000fff0
14:1:store      81    82  83  84  85  200000a0
15:1:store      92 200000a2
16:1:diff  81  82  92  84  85  200000a0
13:2:diff    ff  0  1   2   3   4  5  6  7  8  9  a  b  c  d  e  f ff  1006ffef
14:2:print       12  1006ffef
1006ffef
 ff 00 01 02 03 04 05 06 07 08 09 0a 0b 0c 0d 0e
 0f ff
15:2:diff    a1    a1  a2  a2  10247ffe
16:2:print       20  10247ff0
10247ff0
 a1 a1 a1 a1 a1 a1 a1 a1 a1 a1 a1 a1 a1 a1 a1 a1
 a2 a2 a2 a2 a2 a2 a2 a2 a2 a2 a2 a2 a2 a2 a2 a2
12:3:diff   0  0  0  0  0  0  0  0  0  0  0  0  0  0  0 f0  3ffffff0
13:3:replicate  aa  10000  00000000
14:3:replicate  55  10000  3fff0000
15:3:store  81  82  83  84  85  3ffff0a0
15:4:diff    0   0   0   0   0   0  040100ff
16:4:# Next line should generate a WritePermissionFaultException
17:4:duplicate  4  04000000 04011111
WritePermissionFaultException at address 4011111: 
18:4:diff    0   0   0   0   0   0  04011110
19:4:# Next line should generate a WritePermissionFaultException at address 04010000
20:4:replicate  8d  20  0400fff0
WritePermissionFaultException at address 4010000: 
13:5:# Test that store completes across page boundaries (no page fault)
14:5:store  22  33  0400ffff
15:5:diff   0  22  33  00  0400fffe
16:5:# Test that duplicate completes up to a read page fault
17:5:# (duplicate page faults, store and diff should succeed)
18:5:store  42  43  0755fffe
19:5:duplicate  3  0755fffe 3fff0100
PageFaultException at address 7560000: 
17:1:store      aa  200000ff
18:1:diff       aa  200000ff
19:1:replicate     de  3  2000000b
20:1:diff  55    de  de  de  55  2000000a
17:2:diff    a2    a2  a3  a3  1025fffe
18:2:print       20  1025fff0
1025fff0
 a2 a2 a2 a2 a2 a2 a2 a2 a2 a2 a2 a2 a2 a2 a2 a2
 a3 a3 a3 a3 a3 a3 a3 a3 a3 a3 a3 a3 a3 a3 a3 a3
19:2:print       10  1026fff0
1026fff0
 a3 a3 a3 a3 a3 a3 a3 a3 a3 a3 a3 a3 a3 a3 a3 a3
20:2:duplicate   10  1006fff0  010250000
16:3:store  92  3ffff0a2
17:3:diff   81  82  92  84  85  3ffff0a0
18:3:store  bb  3ffff0ff
19:3:diff   bb  55  3ffff0ff
21:4:diff    8d  8d   0   0  0400fffe
22:4:# Set page writable; following lines should run without exceptions or errors
23:4:permission  1  1  04010000
24:4:store  12  04010010
25:4:diff    0  12   0  0401000f
20:5:diff   0  42  43   0  3fff00ff
21:5:# Test that duplicate completes across page boundary (no page fault)
22:5:store  08  09  0a  0b  0c  0d  0e  0f 07550000
23:5:duplicate  8  07550000 0755fffc
24:5:diff  00  08  09  0a  0b  0c  0d  0e  0f  00  0755fffb
21:1:replicate     cc  10  20000020
22:1:duplicate  6  200000a0  20000021  
23:1:diff  cc    81  82  92  84  85  20000020
24:1:print  100  20000000
20000000
 55 55 55 55 55 55 55 55 55 55 55 de de de 55 55
 55 55 55 55 55 55 55 55 55 55 55 55 55 55 55 55
 cc 81 82 92 84 85 55 cc cc cc cc cc cc cc cc cc
 55 55 55 55 55 55 55 55 55 55 55 55 55 55 55 55
 55 55 55 55 55 55 55 55 55 55 55 55 55 55 55 55
 55 55 55 55 55 55 55 55 55 55 55 55 55 55 55 55
 55 55 55 55 55 55 55 55 55 55 55 55 55 55 55 55
 55 55 55 55 55 55 55 55 55 55 55 55 55 55 55 55
 55 55 55 55 55 55 55 55 55 55 55 55 55 55 55 55
 55 55 55 55 55 55 55 55 55 55 55 55 55 55 55 55
 81 82 92 84 85 55 55 55 55 55 55 55 55 55 55 55
 55 55 55 55 55 55 55 55 55 55 55 55 55 55 55 55
 55 55 55 55 55 55 55 55 55 55 55 55 55 55 55 55
 55 55 55 55 55 55 55 55 55 55 55 55 55 55 55 55
 55 55 55 55 55 55 55 55 55 55 55 55 55 55 55 55
 55 55 55 55 55 55 55 55 55 55 55 55 55 55 55 aa
21:2:diff    a2     0   1   2   3   4  5  6  7  8  9  a  b  c  d  e  f  a2  1024ffff
22:2:# The following line tests that diff will generate errors on mismatches.
23:2:# There should be two mismatched bytes.  These should be the only diff errors
24:2:# in this file.
25:2:diff  a2     0   1   2   e   4  5  6  7  8  9  a  b  0  d  e  f  a2  1024ffff
diff error at address 10250003, expected e, actual is 3
diff error at address 1025000c, expected 0, actual is c
26:2:# end of trace
26:2:TERMINATED, free page frames = 106
20:3:replicate  de  3  3ffff00b
21:3:diff   55  de  de  de  55  3ffff00a
22:3:replicate  cc  10  3ffff020
23:3:replicate  dd  10  3ffffff0
26:4:replicate  7f  4  04010100
27:4:diff    0  7f  7f  7f  7f   0  040100ff
28:4:duplicate  4  04000000 04011111
29:4:diff    0  ac  ac  ac  ac   0  04011110
25:5:# Finally, the following line should terminate the process with page limit exceeded
26:5:duplicate  2  3fff0000  3000ffff
Page limit exceeded, process terminated, free page frames = 118
25:1:# end of trace
25:1:TERMINATED, free page frames = 120
24:3:duplicate   5  fffff0a0  fffffff1
25:3:diff   dd  81  82  92  84  85  dd dd dd dd dd dd dd dd dd dd  3ffffff0
26:3:print  100  3ffff000
3ffff000
 55 55 55 55 55 55 55 55 55 55 55 de de de 55 55
 55 55 55 55 55 55 55 55 55 55 55 55 55 55 55 55
 cc cc cc cc cc cc cc cc cc cc cc cc cc cc cc cc
 55 55 55 55 55 55 55 55 55 55 55 55 55 55 55 55
 55 55 55 55 55 55 55 55 55 55 55 55 55 55 55 55
 55 55 55 55 55 55 55 55 55 55 55 55 55 55 55 55
 55 55 55 55 55 55 55 55 55 55 55 55 55 55 55 55
 55 55 55 55 55 55 55 55 55 55 55 55 55 55 55 55
 55 55 55 55 55 55 55 55 55 55 55 55 55 55 55 55
 55 55 55 55 55 55 55 55 55 55 55 55 55 55 55 55
 81 82 92 84 85 55 55 55 55 55 55 55 55 55 55 55
 55 55 55 55 55 55 55 55 55 55 55 55 55 55 55 55
 55 55 55 55 55 55 55 55 55 55 55 55 55 55 55 55
 55 55 55 55 55 55 55 55 55 55 55 55 55 55 55 55
 55 55 55 55 55 55 55 55 55 55 55 55 55 55 55 55
 55 55 55 55 55 55 55 55 55 55 55 55 55 55 55 bb
27:3:duplicate  10  3ffffff0 00000000
30:4:# end of trace
30:4:TERMINATED, free page frames = 123
28:3:print  10  00000000
0
 dd 81 82 92 84 85 dd dd dd dd dd dd dd dd dd dd
29:3:print  10  3ffffff0
3ffffff0
 dd 81 82 92 84 85 dd dd dd dd dd dd dd dd dd dd
30:3:# end of trace
30:3:TERMINATED, free page frames = 126
