1:1:# trace5v_pagefaults.txt
2:1:# Test page fault exception handling
3:1:pagelimit c
4:1:# Allocate memory by writing to some pages
5:1:store  0  04000000
6:1:replicate  0  20001  07530000
7:1:replicate  0  30001  0afeffff
8:1:replicate  0  10  3fffa000
9:1:# Each of the following lines should generate a PageFaultException
10:1:diff   0  3ffeffff
PageFaultException at address 3ffeffff: 
11:1:diff   0   0  0b01ffff
PageFaultException at address b020000: 
12:1:print  20  0400fff0
400fff0
 00 00 00 00 00 00 00 00 00 00 00 00 00 00 00 00
PageFaultException at address 4010000: 

13:1:# Test that store completes across page boundaries (no page fault)
14:1:store  22  33  0400ffff
15:1:diff   0  22  33  00  0400fffe
16:1:# Test that duplicate completes up to a read page fault
17:1:# (duplicate page faults, store and diff should succeed)
18:1:store  42  43  0755fffe
19:1:duplicate  3  0755fffe 3fff0100
PageFaultException at address 7560000: 
20:1:diff   0  42  43   0  3fff00ff
21:1:# Test that duplicate completes across page boundary (no page fault)
22:1:store  08  09  0a  0b  0c  0d  0e  0f 07550000
23:1:duplicate  8  07550000 0755fffc
24:1:diff  00  08  09  0a  0b  0c  0d  0e  0f  00  0755fffb
25:1:# Finally, the following line should terminate the process with page limit exceeded
26:1:duplicate  2  3fff0000  3000ffff
Page limit exceeded, process terminated, free page frames = 126
