1:1:# trace3v_edge-addr.txt
2:1:# Simple test of access to first/last pages in address space.
3:1:pagelimit 2
4:1:store  ee  0000000e
5:1:store  f0  3fffffff
6:1:# Make sure allocated pages are cleared to 0 by checking scattered blocks of bytes
7:1:diff   0  0  0  0  0  0  0  0  0  0  0  0  0  0 ee  0  00000000
8:1:diff   0  0  0  0  0  0  0  0  0  0  0  0  0  0  0  0  00008000
9:1:diff   0  0  0  0  0  0  0  0  0  0  0  0  0  0  0  0  0000fff0
10:1:diff   0  0  0  0  0  0  0  0  0  0  0  0  0  0  0  0  3fff0000
11:1:diff   0  0  0  0  0  0  0  0  0  0  0  0  0  0  0  0  3fff8000
12:1:diff   0  0  0  0  0  0  0  0  0  0  0  0  0  0  0 f0  3ffffff0
13:1:replicate  aa  10000  00000000
14:1:replicate  55  10000  3fff0000
15:1:store  81  82  83  84  85  3ffff0a0
16:1:store  92  3ffff0a2
17:1:diff   81  82  92  84  85  3ffff0a0
18:1:store  bb  3ffff0ff
19:1:diff   bb  55  3ffff0ff
20:1:replicate  de  3  3ffff00b
21:1:diff   55  de  de  de  55  3ffff00a
22:1:replicate  cc  10  3ffff020
23:1:replicate  dd  10  3ffffff0
24:1:duplicate   5  fffff0a0  fffffff1
25:1:diff   dd  81  82  92  84  85  dd dd dd dd dd dd dd dd dd dd  3ffffff0
26:1:print  100  3ffff000
3ffff000
 55 55 55 55 55 55 55 55 55 55 55 de de de 55 55
 55 55 55 55 55 55 55 55 55 55 55 55 55 55 55 55
 cc cc cc cc cc cc cc cc cc cc cc cc cc cc cc cc
 55 55 55 55 55 55 55 55 55 55 55 55 55 55 55 55
 55 55 55 55 55 55 55 55 55 55 55 55 55 55 55 55
 55 55 55 55 55 55 55 55 55 55 55 55 55 55 55 55
 55 55 55 55 55 55 55 55 55 55 55 55 55 55 55 55
 55 55 55 55 55 55 55 55 55 55 55 55 55 55 55 55
 55 55 55 55 55 55 55 55 55 55 55 55 55 55 55 55
 55 55 55 55 55 55 55 55 55 55 55 55 55 55 55 55
 81 82 92 84 85 55 55 55 55 55 55 55 55 55 55 55
 55 55 55 55 55 55 55 55 55 55 55 55 55 55 55 55
 55 55 55 55 55 55 55 55 55 55 55 55 55 55 55 55
 55 55 55 55 55 55 55 55 55 55 55 55 55 55 55 55
 55 55 55 55 55 55 55 55 55 55 55 55 55 55 55 55
 55 55 55 55 55 55 55 55 55 55 55 55 55 55 55 bb
27:1:duplicate  10  3ffffff0 00000000
28:1:print  10  00000000
0
 dd 81 82 92 84 85 dd dd dd dd dd dd dd dd dd dd
29:1:print  10  3ffffff0
3ffffff0
 dd 81 82 92 84 85 dd dd dd dd dd dd dd dd dd dd
30:1:# end of trace
30:1:TERMINATED, free page frames = 126
