1:1:# trace4v_wprotect.txt
2:1:# Test write protections (should be no diff mismatches)
3:1:pagelimit 2
4:1:replicate  0  20000  04000000
5:1:# Set 2nd page non-writable
6:1:permission  1  0  04010000
7:1:# Make sure 1st page is writable
8:1:replicate  ac  8  04000000
9:1:diff  ac  ac  ac  ac  ac  ac  ac  ac   0  04000000
10:1:# Next line should generate a WritePermissionFaultException
11:1:store  12  04010010
WritePermissionFaultException at address 4010010: 
12:1:diff    0   0   0  0401000f
13:1:# Next line should generate a WritePermissionFaultException
14:1:replicate  7f  4  04010100
WritePermissionFaultException at address 4010100: 
15:1:diff    0   0   0   0   0   0  040100ff
16:1:# Next line should generate a WritePermissionFaultException
17:1:duplicate  4  04000000 04011111
WritePermissionFaultException at address 4011111: 
18:1:diff    0   0   0   0   0   0  04011110
19:1:# Next line should generate a WritePermissionFaultException at address 04010000
20:1:replicate  8d  20  0400fff0
WritePermissionFaultException at address 4010000: 
21:1:diff    8d  8d   0   0  0400fffe
22:1:# Set page writable; following lines should run without exceptions or errors
23:1:permission  1  1  04010000
24:1:store  12  04010010
25:1:diff    0  12   0  0401000f
26:1:replicate  7f  4  04010100
27:1:diff    0  7f  7f  7f  7f   0  040100ff
28:1:duplicate  4  04000000 04011111
29:1:diff    0  ac  ac  ac  ac   0  04011110
30:1:# end of trace
30:1:TERMINATED, free page frames = 126
