1:1:# trace1v.txt - simple trace file
2:1:pagelimit 1
3:1:# Allocate a page by writing a single byte
4:1:replicate  b 1 2000000f
5:1:# Make sure allocated page is cleared to 0 by checking scattered blocks of bytes
6:1:diff  0  0   0   0   0   0  0  0  0  0  0  0  0  0  0  b  20000000
7:1:diff  0  0   0   0   0   0  0  0  0  0  0  0  0  0  0  0  20008000
1:2:# trace1v.txt - simple trace file
2:2:pagelimit 1
3:2:# Allocate a page by writing a single byte
4:2:replicate  b 1 2000000f
5:2:# Make sure allocated page is cleared to 0 by checking scattered blocks of bytes
6:2:diff  0  0   0   0   0   0  0  0  0  0  0  0  0  0  0  b  20000000
7:2:diff  0  0   0   0   0   0  0  0  0  0  0  0  0  0  0  0  20008000
8:1:diff  0  0   0   0   0   0  0  0  0  0  0  0  0  0  0  0  2000fff0
9:1:# Fill with different value and check again
10:1:replicate  55 10000 20000000
11:1:diff  55  55   55   55   55   55  55  55  55  55  55  55  55  55  55  55  20000000
12:1:diff  55  55   55   55   55   55  55  55  55  55  55  55  55  55  55  55  20008000
8:2:diff  0  0   0   0   0   0  0  0  0  0  0  0  0  0  0  0  2000fff0
9:2:# Fill with different value and check again
10:2:replicate  55 10000 20000000
11:2:diff  55  55   55   55   55   55  55  55  55  55  55  55  55  55  55  55  20000000
12:2:diff  55  55   55   55   55   55  55  55  55  55  55  55  55  55  55  55  20008000
13:1:diff  55  55   55   55   55   55  55  55  55  55  55  55  55  55  55  55  2000fff0
14:1:store      81    82  83  84  85  200000a0
15:1:store      92 200000a2
16:1:diff  81  82  92  84  85  200000a0
13:2:diff  55  55   55   55   55   55  55  55  55  55  55  55  55  55  55  55  2000fff0
14:2:store      81    82  83  84  85  200000a0
15:2:store      92 200000a2
16:2:diff  81  82  92  84  85  200000a0
17:1:store      aa  200000ff
18:1:diff       aa  200000ff
19:1:replicate     de  3  2000000b
20:1:diff  55    de  de  de  55  2000000a
17:2:store      aa  200000ff
18:2:diff       aa  200000ff
19:2:replicate     de  3  2000000b
20:2:diff  55    de  de  de  55  2000000a
21:1:replicate     cc  10  20000020
22:1:duplicate  6  200000a0  20000021  
23:1:diff  cc    81  82  92  84  85  20000020
24:1:print  100  20000000
20000000
 55 55 55 55 55 55 55 55 55 55 55 de de de 55 55
 55 55 55 55 55 55 55 55 55 55 55 55 55 55 55 55
 cc 81 82 92 84 85 55 cc cc cc cc cc cc cc cc cc
 55 55 55 55 55 55 55 55 55 55 55 55 55 55 55 55
 55 55 55 55 55 55 55 55 55 55 55 55 55 55 55 55
 55 55 55 55 55 55 55 55 55 55 55 55 55 55 55 55
 55 55 55 55 55 55 55 55 55 55 55 55 55 55 55 55
 55 55 55 55 55 55 55 55 55 55 55 55 55 55 55 55
 55 55 55 55 55 55 55 55 55 55 55 55 55 55 55 55
 55 55 55 55 55 55 55 55 55 55 55 55 55 55 55 55
 81 82 92 84 85 55 55 55 55 55 55 55 55 55 55 55
 55 55 55 55 55 55 55 55 55 55 55 55 55 55 55 55
 55 55 55 55 55 55 55 55 55 55 55 55 55 55 55 55
 55 55 55 55 55 55 55 55 55 55 55 55 55 55 55 55
 55 55 55 55 55 55 55 55 55 55 55 55 55 55 55 55
 55 55 55 55 55 55 55 55 55 55 55 55 55 55 55 aa
21:2:replicate     cc  10  20000020
22:2:duplicate  6  200000a0  20000021  
23:2:diff  cc    81  82  92  84  85  20000020
24:2:print  100  20000000
20000000
 55 55 55 55 55 55 55 55 55 55 55 de de de 55 55
 55 55 55 55 55 55 55 55 55 55 55 55 55 55 55 55
 cc 81 82 92 84 85 55 cc cc cc cc cc cc cc cc cc
 55 55 55 55 55 55 55 55 55 55 55 55 55 55 55 55
 55 55 55 55 55 55 55 55 55 55 55 55 55 55 55 55
 55 55 55 55 55 55 55 55 55 55 55 55 55 55 55 55
 55 55 55 55 55 55 55 55 55 55 55 55 55 55 55 55
 55 55 55 55 55 55 55 55 55 55 55 55 55 55 55 55
 55 55 55 55 55 55 55 55 55 55 55 55 55 55 55 55
 55 55 55 55 55 55 55 55 55 55 55 55 55 55 55 55
 81 82 92 84 85 55 55 55 55 55 55 55 55 55 55 55
 55 55 55 55 55 55 55 55 55 55 55 55 55 55 55 55
 55 55 55 55 55 55 55 55 55 55 55 55 55 55 55 55
 55 55 55 55 55 55 55 55 55 55 55 55 55 55 55 55
 55 55 55 55 55 55 55 55 55 55 55 55 55 55 55 55
 55 55 55 55 55 55 55 55 55 55 55 55 55 55 55 aa
25:1:# end of trace
25:1:TERMINATED, free page frames = 124
25:2:# end of trace
25:2:TERMINATED, free page frames = 126
